<?xml version="1.0" encoding="UTF-8"?>
<!-- Generated by org.testng.reporters.JUnitXMLReporter -->
<testsuite ignored="0" hostname="binsy" failures="0" tests="2" name="ChromeCrossBrowserTesting-ThreadedTest1" time="9.941" errors="0" timestamp="2023-08-29T09:26:15 GST">
  <testcase classname="Testngsession.CrossBrowserTesting" name="testExamplePageOnMultipleBrowsers" time="8.995"/>
  <testcase classname="Testngsession.CrossBrowserTesting" name="loginTest" time="0.881"/>
</testsuite> <!-- ChromeCrossBrowserTesting-ThreadedTest1 -->
