<?xml version="1.0" encoding="UTF-8"?>
<!-- Generated by org.testng.reporters.JUnitXMLReporter -->
<testsuite ignored="0" hostname="binsy" failures="0" tests="2" name="ChromeCrossBrowserTesting" time="9.655" errors="0" timestamp="2023-08-29T09:17:36 GST">
  <testcase classname="Testngsession.CrossBrowserTesting" name="testExamplePageOnMultipleBrowsers" time="8.67"/>
  <testcase classname="Testngsession.CrossBrowserTesting" name="loginTest" time="0.915"/>
</testsuite> <!-- ChromeCrossBrowserTesting -->
