<?xml version="1.0" encoding="UTF-8"?>
<!-- Generated by org.testng.reporters.JUnitXMLReporter -->
<testsuite ignored="0" hostname="binsy" failures="0" tests="2" name="FirefoxCrossBrowserTesting" time="10.716" errors="0" timestamp="2023-08-29T09:17:47 GST">
  <testcase classname="Testngsession.CrossBrowserTesting" name="testExamplePageOnMultipleBrowsers" time="7.538"/>
  <testcase classname="Testngsession.CrossBrowserTesting" name="loginTest" time="3.172"/>
</testsuite> <!-- FirefoxCrossBrowserTesting -->
