<?xml version="1.0" encoding="UTF-8"?>
<!-- Generated by org.testng.reporters.JUnitXMLReporter -->
<testsuite ignored="0" hostname="binsy" failures="0" tests="2" name="FirefoxCrossBrowserTesting-ThreadedTest2" time="15.363" errors="0" timestamp="2023-08-29T09:26:20 GST">
  <testcase classname="Testngsession.CrossBrowserTesting" name="testExamplePageOnMultipleBrowsers" time="12.778"/>
  <testcase classname="Testngsession.CrossBrowserTesting" name="loginTest" time="2.528"/>
</testsuite> <!-- FirefoxCrossBrowserTesting-ThreadedTest2 -->
