<?xml version="1.0" encoding="UTF-8"?>
<!-- Generated by org.testng.reporters.JUnitXMLReporter -->
<testsuite ignored="0" hostname="binsy" failures="0" tests="2" name="ChromeCrossBrowserTesting-ThreadedTest1" time="8.716" errors="0" timestamp="2023-08-29T09:29:37 GST">
  <testcase classname="Testngsession.CrossBrowserTesting" name="testExamplePageOnMultipleBrowsers" time="7.616"/>
  <testcase classname="Testngsession.CrossBrowserTesting" name="loginTest" time="1.022"/>
</testsuite> <!-- ChromeCrossBrowserTesting-ThreadedTest1 -->
