<?xml version="1.0" encoding="UTF-8"?>
<!-- Generated by org.testng.reporters.JUnitXMLReporter -->
<testsuite ignored="0" hostname="binsy" failures="0" tests="2" name="FirefoxCrossBrowserTesting-ThreadedTest2" time="14.786" errors="0" timestamp="2023-08-29T09:29:43 GST">
  <testcase classname="Testngsession.CrossBrowserTesting" name="testExamplePageOnMultipleBrowsers" time="11.91"/>
  <testcase classname="Testngsession.CrossBrowserTesting" name="loginTest" time="2.821"/>
</testsuite> <!-- FirefoxCrossBrowserTesting-ThreadedTest2 -->
